[ 2017-03-08T18:01:23+08:00 ] ::1 /purchase/index.php/Buyer/User/login
INFO: [ app_begin ] --START--
INFO: Run Behavior\ReadHtmlCacheBehavior [ RunTime:0.000664s ]
INFO: [ app_begin ] --END-- [ RunTime:0.001325s ]
SQL: SHOW COLUMNS FROM `pur_buyer` [ RunTime:0.0193s ]
SQL: SELECT * FROM `pur_buyer` WHERE ( username='voidking' AND password='voidking' ) LIMIT 1   [ RunTime:0.0062s ]
INFO: [ app_end ] --START--
INFO: Run Behavior\ShowPageTraceBehavior [ RunTime:0.000886s ]
INFO: [ app_end ] --END-- [ RunTime:0.001047s ]

[ 2017-03-08T18:01:35+08:00 ] ::1 /purchase/index.php/Buyer/User/login
INFO: [ app_begin ] --START--
INFO: Run Behavior\ReadHtmlCacheBehavior [ RunTime:0.001238s ]
INFO: [ app_begin ] --END-- [ RunTime:0.002319s ]
SQL: SHOW COLUMNS FROM `pur_buyer` [ RunTime:0.0011s ]
SQL: SELECT * FROM `pur_buyer` WHERE ( username='buyer1' AND password='buyer1' ) LIMIT 1   [ RunTime:0.0005s ]
INFO: [ app_end ] --START--
INFO: Run Behavior\ShowPageTraceBehavior [ RunTime:0.000999s ]
INFO: [ app_end ] --END-- [ RunTime:0.001156s ]

[ 2017-03-08T18:01:41+08:00 ] ::1 /purchase/index.php/Buyer/Manage/reply_order_list
INFO: [ app_begin ] --START--
INFO: Run Behavior\ReadHtmlCacheBehavior [ RunTime:0.000673s ]
INFO: [ app_begin ] --END-- [ RunTime:0.001340s ]
SQL: SHOW COLUMNS FROM `pur_ask_order` [ RunTime:0.0024s ]
SQL: SELECT * FROM `pur_ask_order` WHERE ( buyer_id='1' AND asked=1 AND deleted=0 )  [ RunTime:0.0013s ]
SQL: SHOW COLUMNS FROM `pur_seller` [ RunTime:0.0033s ]
SQL: SHOW COLUMNS FROM `pur_reply_order` [ RunTime:0.0029s ]
SQL: SELECT * FROM `pur_reply_order` WHERE ( buyer_id='1' AND deleted=0 )  [ RunTime:0.0007s ]
SQL: SELECT * FROM `pur_seller` WHERE ( id='1' ) LIMIT 1   [ RunTime:0.0004s ]
SQL: SELECT * FROM `pur_seller` WHERE ( id='2' ) LIMIT 1   [ RunTime:0.0003s ]
SQL: SELECT * FROM `pur_seller` WHERE ( id='1' ) LIMIT 1   [ RunTime:0.0002s ]
SQL: SELECT * FROM `pur_seller` WHERE ( id='2' ) LIMIT 1   [ RunTime:0.0003s ]
SQL: SELECT * FROM `pur_seller` WHERE ( id='1' ) LIMIT 1   [ RunTime:0.0002s ]
SQL: SELECT * FROM `pur_seller` WHERE ( id='2' ) LIMIT 1   [ RunTime:0.0002s ]
NOTIC: [8] Undefined variable: count_order_arr D:\Server\wamp64\www\purchase\Application\Buyer\Controller\ManageController.class.php 第 152 行.
INFO: [ app_end ] --START--
INFO: Run Behavior\ShowPageTraceBehavior [ RunTime:0.000803s ]
INFO: [ app_end ] --END-- [ RunTime:0.000963s ]

[ 2017-03-08T18:04:56+08:00 ] ::1 /purchase/index.php/Buyer/Manage/reply_order_list
INFO: [ app_begin ] --START--
INFO: Run Behavior\ReadHtmlCacheBehavior [ RunTime:0.000654s ]
INFO: [ app_begin ] --END-- [ RunTime:0.001313s ]
SQL: SHOW COLUMNS FROM `pur_ask_order` [ RunTime:0.0012s ]
SQL: SELECT * FROM `pur_ask_order` WHERE ( buyer_id='1' AND asked=1 AND deleted=0 )  [ RunTime:0.0005s ]
SQL: SHOW COLUMNS FROM `pur_seller` [ RunTime:0.0011s ]
SQL: SHOW COLUMNS FROM `pur_reply_order` [ RunTime:0.0018s ]
SQL: SELECT * FROM `pur_reply_order` WHERE ( buyer_id='1' AND deleted=0 )  [ RunTime:0.0008s ]
SQL: SELECT * FROM `pur_seller` WHERE ( id='1' ) LIMIT 1   [ RunTime:0.0005s ]
SQL: SELECT * FROM `pur_seller` WHERE ( id='2' ) LIMIT 1   [ RunTime:0.0004s ]
SQL: SELECT * FROM `pur_seller` WHERE ( id='1' ) LIMIT 1   [ RunTime:0.0004s ]
SQL: SELECT * FROM `pur_seller` WHERE ( id='2' ) LIMIT 1   [ RunTime:0.0002s ]
SQL: SELECT * FROM `pur_seller` WHERE ( id='1' ) LIMIT 1   [ RunTime:0.0002s ]
SQL: SELECT * FROM `pur_seller` WHERE ( id='2' ) LIMIT 1   [ RunTime:0.0002s ]
NOTIC: [8] Undefined variable: count_order_arr D:\Server\wamp64\www\purchase\Application\Buyer\Controller\ManageController.class.php 第 152 行.
INFO: [ app_end ] --START--
INFO: Run Behavior\ShowPageTraceBehavior [ RunTime:0.000781s ]
INFO: [ app_end ] --END-- [ RunTime:0.000941s ]

[ 2017-03-08T18:05:05+08:00 ] ::1 /purchase/index.php/Buyer/Manage/reply_order_list
INFO: [ app_begin ] --START--
INFO: Run Behavior\ReadHtmlCacheBehavior [ RunTime:0.000801s ]
INFO: [ app_begin ] --END-- [ RunTime:0.001474s ]
SQL: SHOW COLUMNS FROM `pur_ask_order` [ RunTime:0.0012s ]
SQL: SELECT * FROM `pur_ask_order` WHERE ( buyer_id='1' AND asked=1 AND deleted=0 )  [ RunTime:0.0005s ]
SQL: SHOW COLUMNS FROM `pur_seller` [ RunTime:0.0011s ]
SQL: SHOW COLUMNS FROM `pur_reply_order` [ RunTime:0.0012s ]
SQL: SELECT * FROM `pur_reply_order` WHERE ( buyer_id='1' AND deleted=0 )  [ RunTime:0.0007s ]
SQL: SELECT * FROM `pur_seller` WHERE ( id='1' ) LIMIT 1   [ RunTime:0.0005s ]
SQL: SELECT * FROM `pur_seller` WHERE ( id='2' ) LIMIT 1   [ RunTime:0.0005s ]
SQL: SELECT * FROM `pur_seller` WHERE ( id='1' ) LIMIT 1   [ RunTime:0.0004s ]
SQL: SELECT * FROM `pur_seller` WHERE ( id='2' ) LIMIT 1   [ RunTime:0.0004s ]
SQL: SELECT * FROM `pur_seller` WHERE ( id='1' ) LIMIT 1   [ RunTime:0.0004s ]
SQL: SELECT * FROM `pur_seller` WHERE ( id='2' ) LIMIT 1   [ RunTime:0.0004s ]
NOTIC: [8] Undefined variable: count_order_arr D:\Server\wamp64\www\purchase\Application\Buyer\Controller\ManageController.class.php 第 152 行.
INFO: [ app_end ] --START--
INFO: Run Behavior\ShowPageTraceBehavior [ RunTime:0.000977s ]
INFO: [ app_end ] --END-- [ RunTime:0.001150s ]

[ 2017-03-08T18:20:18+08:00 ] ::1 /purchase/index.php/Buyer/Manage/reply_order_list
INFO: [ app_begin ] --START--
INFO: Run Behavior\ReadHtmlCacheBehavior [ RunTime:0.000647s ]
INFO: [ app_begin ] --END-- [ RunTime:0.001339s ]
SQL: SHOW COLUMNS FROM `pur_ask_order` [ RunTime:0.0013s ]
SQL: SELECT * FROM `pur_ask_order` WHERE ( buyer_id='1' AND asked=1 AND deleted=0 )  [ RunTime:0.0010s ]
SQL: SHOW COLUMNS FROM `pur_seller` [ RunTime:0.0011s ]
SQL: SHOW COLUMNS FROM `pur_reply_order` [ RunTime:0.0014s ]
SQL: SELECT * FROM `pur_reply_order` WHERE ( buyer_id='1' AND deleted=0 )  [ RunTime:0.0005s ]
SQL: SELECT * FROM `pur_seller` WHERE ( id='1' ) LIMIT 1   [ RunTime:0.0005s ]
SQL: SELECT * FROM `pur_seller` WHERE ( id='2' ) LIMIT 1   [ RunTime:0.0004s ]
SQL: SELECT * FROM `pur_seller` WHERE ( id='1' ) LIMIT 1   [ RunTime:0.0004s ]
SQL: SELECT * FROM `pur_seller` WHERE ( id='2' ) LIMIT 1   [ RunTime:0.0003s ]
SQL: SELECT * FROM `pur_seller` WHERE ( id='1' ) LIMIT 1   [ RunTime:0.0003s ]
SQL: SELECT * FROM `pur_seller` WHERE ( id='2' ) LIMIT 1   [ RunTime:0.0004s ]
NOTIC: [8] Undefined variable: count_order_arr D:\Server\wamp64\www\purchase\Application\Buyer\Controller\ManageController.class.php 第 152 行.
INFO: [ app_end ] --START--
INFO: Run Behavior\ShowPageTraceBehavior [ RunTime:0.000824s ]
INFO: [ app_end ] --END-- [ RunTime:0.000990s ]

[ 2017-03-08T18:20:59+08:00 ] ::1 /purchase/index.php/Buyer/Manage/reply_order_list
INFO: [ app_begin ] --START--
INFO: Run Behavior\ReadHtmlCacheBehavior [ RunTime:0.000708s ]
INFO: [ app_begin ] --END-- [ RunTime:0.001424s ]
SQL: SHOW COLUMNS FROM `pur_ask_order` [ RunTime:0.0014s ]
SQL: SELECT * FROM `pur_ask_order` WHERE ( buyer_id='1' AND asked=1 AND deleted=0 )  [ RunTime:0.0005s ]
SQL: SHOW COLUMNS FROM `pur_seller` [ RunTime:0.0012s ]
SQL: SHOW COLUMNS FROM `pur_reply_order` [ RunTime:0.0014s ]
SQL: SELECT * FROM `pur_reply_order` WHERE ( buyer_id='1' AND deleted=0 )  [ RunTime:0.0006s ]
SQL: SELECT * FROM `pur_seller` WHERE ( id='1' ) LIMIT 1   [ RunTime:0.0004s ]
SQL: SELECT * FROM `pur_seller` WHERE ( id='2' ) LIMIT 1   [ RunTime:0.0003s ]
SQL: SELECT * FROM `pur_seller` WHERE ( id='1' ) LIMIT 1   [ RunTime:0.0005s ]
SQL: SELECT * FROM `pur_seller` WHERE ( id='2' ) LIMIT 1   [ RunTime:0.0004s ]
SQL: SELECT * FROM `pur_seller` WHERE ( id='1' ) LIMIT 1   [ RunTime:0.0004s ]
SQL: SELECT * FROM `pur_seller` WHERE ( id='2' ) LIMIT 1   [ RunTime:0.0004s ]
NOTIC: [8] Undefined variable: count_order_arr D:\Server\wamp64\www\purchase\Application\Buyer\Controller\ManageController.class.php 第 152 行.
INFO: [ app_end ] --START--
INFO: Run Behavior\ShowPageTraceBehavior [ RunTime:0.000989s ]
INFO: [ app_end ] --END-- [ RunTime:0.001246s ]

[ 2017-03-08T18:21:53+08:00 ] ::1 /purchase/index.php/Buyer/Manage/reply_order_list
INFO: [ app_begin ] --START--
INFO: Run Behavior\ReadHtmlCacheBehavior [ RunTime:0.000707s ]
INFO: [ app_begin ] --END-- [ RunTime:0.001609s ]
SQL: SHOW COLUMNS FROM `pur_ask_order` [ RunTime:0.0013s ]
SQL: SELECT * FROM `pur_ask_order` WHERE ( buyer_id='1' AND asked=1 AND deleted=0 )  [ RunTime:0.0005s ]
SQL: SHOW COLUMNS FROM `pur_seller` [ RunTime:0.0010s ]
SQL: SHOW COLUMNS FROM `pur_reply_order` [ RunTime:0.0012s ]
SQL: SELECT * FROM `pur_reply_order` WHERE ( buyer_id='1' AND deleted=0 )  [ RunTime:0.0006s ]
SQL: SELECT * FROM `pur_seller` WHERE ( id='1' ) LIMIT 1   [ RunTime:0.0005s ]
SQL: SELECT * FROM `pur_seller` WHERE ( id='2' ) LIMIT 1   [ RunTime:0.0005s ]
SQL: SELECT * FROM `pur_seller` WHERE ( id='1' ) LIMIT 1   [ RunTime:0.0004s ]
SQL: SELECT * FROM `pur_seller` WHERE ( id='2' ) LIMIT 1   [ RunTime:0.0004s ]
SQL: SELECT * FROM `pur_seller` WHERE ( id='1' ) LIMIT 1   [ RunTime:0.0003s ]
SQL: SELECT * FROM `pur_seller` WHERE ( id='2' ) LIMIT 1   [ RunTime:0.0003s ]
NOTIC: [8] Undefined variable: count_order_arr D:\Server\wamp64\www\purchase\Application\Buyer\Controller\ManageController.class.php 第 152 行.
INFO: [ app_end ] --START--
INFO: Run Behavior\ShowPageTraceBehavior [ RunTime:0.000812s ]
INFO: [ app_end ] --END-- [ RunTime:0.000976s ]

[ 2017-03-08T18:22:16+08:00 ] ::1 /purchase/index.php/Buyer/Manage/reply_order_list
INFO: [ app_begin ] --START--
INFO: Run Behavior\ReadHtmlCacheBehavior [ RunTime:0.000656s ]
INFO: [ app_begin ] --END-- [ RunTime:0.001294s ]
SQL: SHOW COLUMNS FROM `pur_ask_order` [ RunTime:0.0011s ]
SQL: SELECT * FROM `pur_ask_order` WHERE ( buyer_id='1' AND asked=1 AND deleted=0 )  [ RunTime:0.0005s ]
SQL: SHOW COLUMNS FROM `pur_seller` [ RunTime:0.0010s ]
SQL: SHOW COLUMNS FROM `pur_reply_order` [ RunTime:0.0010s ]
SQL: SELECT * FROM `pur_reply_order` WHERE ( buyer_id='1' AND deleted=0 )  [ RunTime:0.0005s ]
SQL: SELECT * FROM `pur_seller` WHERE ( id='1' ) LIMIT 1   [ RunTime:0.0004s ]
SQL: SELECT * FROM `pur_seller` WHERE ( id='2' ) LIMIT 1   [ RunTime:0.0003s ]
SQL: SELECT * FROM `pur_seller` WHERE ( id='1' ) LIMIT 1   [ RunTime:0.0003s ]
SQL: SELECT * FROM `pur_seller` WHERE ( id='2' ) LIMIT 1   [ RunTime:0.0003s ]
SQL: SELECT * FROM `pur_seller` WHERE ( id='1' ) LIMIT 1   [ RunTime:0.0004s ]
SQL: SELECT * FROM `pur_seller` WHERE ( id='2' ) LIMIT 1   [ RunTime:0.0004s ]
NOTIC: [8] Undefined variable: count_order_arr D:\Server\wamp64\www\purchase\Application\Buyer\Controller\ManageController.class.php 第 152 行.
INFO: [ app_end ] --START--
INFO: Run Behavior\ShowPageTraceBehavior [ RunTime:0.000833s ]
INFO: [ app_end ] --END-- [ RunTime:0.000998s ]

[ 2017-03-08T18:22:54+08:00 ] ::1 /purchase/index.php/Buyer/Manage/reply_order_list
INFO: [ app_begin ] --START--
INFO: Run Behavior\ReadHtmlCacheBehavior [ RunTime:0.001510s ]
INFO: [ app_begin ] --END-- [ RunTime:0.002434s ]
SQL: SHOW COLUMNS FROM `pur_ask_order` [ RunTime:0.0016s ]
SQL: SELECT * FROM `pur_ask_order` WHERE ( buyer_id='1' AND asked=1 AND deleted=0 )  [ RunTime:0.0006s ]
SQL: SHOW COLUMNS FROM `pur_seller` [ RunTime:0.0016s ]
SQL: SHOW COLUMNS FROM `pur_reply_order` [ RunTime:0.0017s ]
SQL: SELECT * FROM `pur_reply_order` WHERE ( buyer_id='1' AND deleted=0 )  [ RunTime:0.0007s ]
SQL: SELECT * FROM `pur_seller` WHERE ( id='1' ) LIMIT 1   [ RunTime:0.0006s ]
SQL: SELECT * FROM `pur_seller` WHERE ( id='2' ) LIMIT 1   [ RunTime:0.0005s ]
SQL: SELECT * FROM `pur_seller` WHERE ( id='1' ) LIMIT 1   [ RunTime:0.0004s ]
SQL: SELECT * FROM `pur_seller` WHERE ( id='2' ) LIMIT 1   [ RunTime:0.0005s ]
SQL: SELECT * FROM `pur_seller` WHERE ( id='1' ) LIMIT 1   [ RunTime:0.0004s ]
SQL: SELECT * FROM `pur_seller` WHERE ( id='2' ) LIMIT 1   [ RunTime:0.0003s ]
NOTIC: [8] Undefined variable: count_order_arr D:\Server\wamp64\www\purchase\Application\Buyer\Controller\ManageController.class.php 第 152 行.
INFO: [ app_end ] --START--
INFO: Run Behavior\ShowPageTraceBehavior [ RunTime:0.000795s ]
INFO: [ app_end ] --END-- [ RunTime:0.000958s ]

